<?xml version="1.0" encoding="UTF-8"?>
<!-- Generated by org.testng.reporters.JUnitReportReporter -->
<testsuite skipped="0" hostname="LAPTOP-L4O1C8HM" name="test.GanIntegrityTest" tests="3" failures="0" timestamp="12 Aug 2021 19:31:14 GMT" time="50.067" errors="0">
  <testcase name="latestLegislationTestCase" time="15.598" classname="test.GanIntegrityTest"/>
  <testcase name="clearSearchBoxTestCase" time="15.377" classname="test.GanIntegrityTest"/>
  <testcase name="resourceCenterTestCase" time="19.092" classname="test.GanIntegrityTest"/>
</testsuite> <!-- test.GanIntegrityTest -->
