<?xml version="1.0" encoding="UTF-8"?>
<!-- Generated by org.testng.reporters.JUnitReportReporter -->
<testsuite skipped="0" hostname="LAPTOP-L4O1C8HM" name="test.GanIntegrityTest" tests="3" failures="0" timestamp="11 Aug 2021 21:07:06 GMT" time="58.336" errors="0">
  <testcase name="resourceCenterTestCase" time="23.264" classname="test.GanIntegrityTest"/>
  <testcase name="latestLegislationTestCase" time="17.869" classname="test.GanIntegrityTest"/>
  <testcase name="clearSearchBoxTestCase" time="17.203" classname="test.GanIntegrityTest"/>
</testsuite> <!-- test.GanIntegrityTest -->
